<?xml version="1.0" encoding="UTF-8"?>
<testsuite name="com.privalia.business.integration.test.CalculatorTest" tests="4" skipped="0" failures="0" errors="0" timestamp="2018-09-21T12:17:14" hostname="PR-BCN-571" time="0.002">
  <properties/>
  <testcase name="testSum" classname="com.privalia.business.integration.test.CalculatorTest" time="0.0"/>
  <testcase name="testSubstract" classname="com.privalia.business.integration.test.CalculatorTest" time="0.001"/>
  <testcase name="testDivide" classname="com.privalia.business.integration.test.CalculatorTest" time="0.001"/>
  <testcase name="testMultiply" classname="com.privalia.business.integration.test.CalculatorTest" time="0.0"/>
  <system-out><![CDATA[]]></system-out>
  <system-err><![CDATA[]]></system-err>
</testsuite>
